#
# There is insufficient memory for the Java Runtime Environment to continue.
# Native memory allocation (malloc) failed to allocate 1048576 bytes. Error detail: AllocateHeap
# Possible reasons:
#   The system is out of physical RAM or swap space
#   This process is running with CompressedOops enabled, and the Java Heap may be blocking the growth of the native heap
# Possible solutions:
#   Reduce memory load on the system
#   Increase physical memory or swap space
#   Check if swap backing store is full
#   Decrease Java heap size (-Xmx/-Xms)
#   Decrease number of Java threads
#   Decrease Java thread stack sizes (-Xss)
#   Set larger code cache with -XX:ReservedCodeCacheSize=
#   JVM is running with Unscaled Compressed Oops mode in which the Java heap is
#     placed in the first 4GB address space. The Java Heap base address is the
#     maximum limit for the native heap growth. Please use -XX:HeapBaseMinAddress
#     to set the Java Heap base and to place the Java Heap above 4GB virtual address.
# This output file may be truncated or incomplete.
#
#  Out of Memory Error (allocation.cpp:44), pid=18600, tid=27872
#
# JRE version: OpenJDK Runtime Environment Temurin-17.0.12+7 (17.0.12+7) (build 17.0.12+7)
# Java VM: OpenJDK 64-Bit Server VM Temurin-17.0.12+7 (17.0.12+7, mixed mode, emulated-client, tiered, compressed oops, compressed class ptrs, g1 gc, windows-amd64)
# No core dump will be written. Minidumps are not enabled by default on client versions of Windows
#

---------------  S U M M A R Y ------------

Command Line: -Xmx1024m -Dsts.lsp.client=vscode -Dsts.log.file=/dev/null -XX:TieredStopAtLevel=1 -Xlog:jni+resolve=off c:\Users\guilh\.vscode\extensions\vmware.vscode-spring-boot-1.57.0\language-server\spring-boot-language-server-1.57.0-SNAPSHOT-exec.jar

Host: Intel(R) Core(TM) i5-10300H CPU @ 2.50GHz, 8 cores, 7G,  Windows 11 , 64 bit Build 22621 (10.0.22621.3958)
Time: Thu Sep 26 16:50:28 2024 Hora oficial do Brasil elapsed time: 78541.076841 seconds (0d 21h 49m 1s)

---------------  T H R E A D  ---------------

Current thread (0x0000023093d7fda0):  VMThread "VM Thread" [stack: 0x000000e8ced00000,0x000000e8cee00000] [id=27872]

Stack: [0x000000e8ced00000,0x000000e8cee00000]
Native frames: (J=compiled Java code, j=interpreted, Vv=VM code, C=native code)
V  [jvm.dll+0x67f929]
V  [jvm.dll+0x8371ba]
V  [jvm.dll+0x838c7e]
V  [jvm.dll+0x8392e3]
V  [jvm.dll+0x24834f]
V  [jvm.dll+0xa70d3]
V  [jvm.dll+0x2f9073]
V  [jvm.dll+0x2f4d00]
V  [jvm.dll+0x2dd82f]
V  [jvm.dll+0x3201f7]
V  [jvm.dll+0x83d7dd]
V  [jvm.dll+0x83e522]
V  [jvm.dll+0x83ea4f]
V  [jvm.dll+0x83ee34]
V  [jvm.dll+0x83ef00]
V  [jvm.dll+0x7e65dc]
V  [jvm.dll+0x67e7f7]
C  [ucrtbase.dll+0x29333]
C  [KERNEL32.DLL+0x1257d]
C  [ntdll.dll+0x5af28]

VM_Operation (0x000000e8d0dfedd0): G1CollectFull, mode: safepoint, requested by thread 0x0000023098f7e640


---------------  P R O C E S S  ---------------

Threads class SMR info:
_java_thread_list=0x000002309ae0e860, length=28, elements={
0x0000023093d9a790, 0x0000023093d9b610, 0x000002309803c010, 0x000002309803cae0,
0x000002309803f5c0, 0x0000023098041ea0, 0x0000023098042820, 0x000002309804b140,
0x000002309819d2b0, 0x00000230981c9d10, 0x0000023098f7ccf0, 0x0000023098f7e640,
0x0000023098f7b8b0, 0x0000023098f7d200, 0x0000023098f7e130, 0x0000023098f7ae90,
0x0000023099bdbfc0, 0x0000023099bdf260, 0x0000023099bdfc80, 0x0000023099bdf770,
0x0000023099be0bb0, 0x0000023099bded50, 0x0000023099be1ae0, 0x0000023099bdc4d0,
0x0000023099be2500, 0x0000023099bde840, 0x0000023099bdc9e0, 0x000002309a8e8480
}

Java Threads: ( => current thread )
  0x0000023093d9a790 JavaThread "Reference Handler" daemon [_thread_blocked, id=7132, stack(0x000000e8cee00000,0x000000e8cef00000)]
  0x0000023093d9b610 JavaThread "Finalizer" daemon [_thread_blocked, id=30380, stack(0x000000e8cef00000,0x000000e8cf000000)]
  0x000002309803c010 JavaThread "Signal Dispatcher" daemon [_thread_blocked, id=3244, stack(0x000000e8cf000000,0x000000e8cf100000)]
  0x000002309803cae0 JavaThread "Attach Listener" daemon [_thread_blocked, id=19144, stack(0x000000e8cf100000,0x000000e8cf200000)]
  0x000002309803f5c0 JavaThread "Service Thread" daemon [_thread_blocked, id=20232, stack(0x000000e8cf200000,0x000000e8cf300000)]
  0x0000023098041ea0 JavaThread "Monitor Deflation Thread" daemon [_thread_blocked, id=3784, stack(0x000000e8cf300000,0x000000e8cf400000)]
  0x0000023098042820 JavaThread "C1 CompilerThread0" daemon [_thread_blocked, id=15220, stack(0x000000e8cf400000,0x000000e8cf500000)]
  0x000002309804b140 JavaThread "Sweeper thread" daemon [_thread_blocked, id=24948, stack(0x000000e8cf500000,0x000000e8cf600000)]
  0x000002309819d2b0 JavaThread "Notification Thread" daemon [_thread_blocked, id=22756, stack(0x000000e8cf700000,0x000000e8cf800000)]
  0x00000230981c9d10 JavaThread "Common-Cleaner" daemon [_thread_blocked, id=26132, stack(0x000000e8cf900000,0x000000e8cfa00000)]
  0x0000023098f7ccf0 JavaThread "boundedElastic-evictor-1" daemon [_thread_blocked, id=29140, stack(0x000000e8d0c00000,0x000000e8d0d00000)]
  0x0000023098f7e640 JavaThread "pool-13-thread-1" [_thread_blocked, id=19428, stack(0x000000e8d0d00000,0x000000e8d0e00000)]
  0x0000023098f7b8b0 JavaThread "LanguageServerApp-lifecycle" [_thread_blocked, id=13168, stack(0x000000e8d0e00000,0x000000e8d0f00000)]
  0x0000023098f7d200 JavaThread "DestroyJavaVM" [_thread_blocked, id=27780, stack(0x000000e8ce700000,0x000000e8ce800000)]
  0x0000023098f7e130 JavaThread "pool-14-thread-1" [_thread_in_native, id=29520, stack(0x000000e8d0f00000,0x000000e8d1000000)]
  0x0000023098f7ae90 JavaThread "Simple-Language-Server main thread" daemon [_thread_blocked, id=29924, stack(0x000000e8d1000000,0x000000e8d1100000)]
  0x0000023099bdbfc0 JavaThread "parallel-1" daemon [_thread_blocked, id=29652, stack(0x000000e8d1600000,0x000000e8d1700000)]
  0x0000023099bdf260 JavaThread "pool-8-thread-1" [_thread_blocked, id=5860, stack(0x000000e8d1700000,0x000000e8d1800000)]
  0x0000023099bdfc80 JavaThread "parallel-2" daemon [_thread_blocked, id=20752, stack(0x000000e8d1800000,0x000000e8d1900000)]
  0x0000023099bdf770 JavaThread "pool-6-thread-1" [_thread_blocked, id=21508, stack(0x000000e8d1900000,0x000000e8d1a00000)]
  0x0000023099be0bb0 JavaThread "parallel-3" daemon [_thread_blocked, id=24612, stack(0x000000e8d1a00000,0x000000e8d1b00000)]
  0x0000023099bded50 JavaThread "parallel-4" daemon [_thread_blocked, id=7008, stack(0x000000e8d1b00000,0x000000e8d1c00000)]
  0x0000023099be1ae0 JavaThread "parallel-5" daemon [_thread_blocked, id=2664, stack(0x000000e8d1c00000,0x000000e8d1d00000)]
  0x0000023099bdc4d0 JavaThread "parallel-6" daemon [_thread_blocked, id=34068, stack(0x000000e8d1f00000,0x000000e8d2000000)]
  0x0000023099be2500 JavaThread "parallel-7" daemon [_thread_blocked, id=29016, stack(0x000000e8d2100000,0x000000e8d2200000)]
  0x0000023099bde840 JavaThread "parallel-8" daemon [_thread_blocked, id=26080, stack(0x000000e8d2200000,0x000000e8d2300000)]
  0x0000023099bdc9e0 JavaThread "Reconciler-1" daemon [_thread_blocked, id=7948, stack(0x000000e8d2500000,0x000000e8d2600000)]
  0x000002309a8e8480 JavaThread "CompletableFutureDelayScheduler" daemon [_thread_blocked, id=34568, stack(0x000000e8ce500000,0x000000e8ce600000)]

Other Threads:
=>0x0000023093d7fda0 VMThread "VM Thread" [stack: 0x000000e8ced00000,0x000000e8cee00000] [id=27872]
  0x00000230981c17c0 WatcherThread [stack: 0x000000e8cf800000,0x000000e8cf900000] [id=33812]
  0x0000023088f91960 GCTaskThread "GC Thread#0" [stack: 0x000000e8ce800000,0x000000e8ce900000] [id=14464]
  0x00000230985ca290 GCTaskThread "GC Thread#1" [stack: 0x000000e8cfb00000,0x000000e8cfc00000] [id=21696]
  0x00000230983a3b00 GCTaskThread "GC Thread#2" [stack: 0x000000e8cfc00000,0x000000e8cfd00000] [id=532]
  0x0000023098b5a0f0 GCTaskThread "GC Thread#3" [stack: 0x000000e8cfd00000,0x000000e8cfe00000] [id=17308]
  0x00000230991e8010 GCTaskThread "GC Thread#4" [stack: 0x000000e8d0000000,0x000000e8d0100000] [id=4768]
  0x00000230991e82d0 GCTaskThread "GC Thread#5" [stack: 0x000000e8d0100000,0x000000e8d0200000] [id=28068]
  0x00000230991e8590 GCTaskThread "GC Thread#6" [stack: 0x000000e8d0200000,0x000000e8d0300000] [id=13496]
  0x00000230993ed660 GCTaskThread "GC Thread#7" [stack: 0x000000e8d0400000,0x000000e8d0500000] [id=16732]
  0x0000023088f9a8b0 ConcurrentGCThread "G1 Main Marker" [stack: 0x000000e8ce900000,0x000000e8cea00000] [id=21580]
  0x0000023088f9b2d0 ConcurrentGCThread "G1 Conc#0" [stack: 0x000000e8cea00000,0x000000e8ceb00000] [id=28888]
  0x00000230993ad030 ConcurrentGCThread "G1 Conc#1" [stack: 0x000000e8d0500000,0x000000e8d0600000] [id=12948]
  0x0000023088fde0a0 ConcurrentGCThread "G1 Refine#0" [stack: 0x000000e8ceb00000,0x000000e8cec00000] [id=31472]
  0x0000023088fdead0 ConcurrentGCThread "G1 Service" [stack: 0x000000e8cec00000,0x000000e8ced00000] [id=32072]

Threads with active compile tasks:

VM state: at safepoint (normal execution)

VM Mutex/Monitor currently owned by a thread:  ([mutex/lock_event])
[0x0000023088f52a20] Threads_lock - owner thread: 0x0000023093d7fda0
[0x0000023088f526c0] Heap_lock - owner thread: 0x0000023098f7e640

Heap address: 0x00000000c0000000, size: 1024 MB, Compressed Oops mode: 32-bit

CDS archive(s) not mapped
Compressed class space mapped at: 0x0000000100000000-0x0000000140000000, reserved size: 1073741824
Narrow klass base: 0x0000000000000000, Narrow klass shift: 3, Narrow klass range: 0x140000000

GC Precious Log:
 CPUs: 8 total, 8 available
 Memory: 8023M
 Large Page Support: Disabled
 NUMA Support: Disabled
 Compressed Oops: Enabled (32-bit)
 Heap Region Size: 1M
 Heap Min Capacity: 8M
 Heap Initial Capacity: 126M
 Heap Max Capacity: 1G
 Pre-touch: Disabled
 Parallel Workers: 8
 Concurrent Workers: 2
 Concurrent Refinement Workers: 8
 Periodic GC: Disabled

Heap:
 garbage-first heap   total 104448K, used 40163K [0x00000000c0000000, 0x0000000100000000)
  region size 1024K, 1 young (1024K), 0 survivors (0K)
 Metaspace       used 62722K, committed 63168K, reserved 1114112K
  class space    used 7935K, committed 8128K, reserved 1048576K

Heap Regions: E=young(eden), S=young(survivor), O=old, HS=humongous(starts), HC=humongous(continues), CS=collection set, F=free, OA=open archive, CA=closed archive, TAMS=top-at-mark-start (previous, next)
|   0|0x00000000c0000000, 0x00000000c0100000, 0x00000000c0100000|100%|HS|  |TAMS 0x00000000c0100000, 0x00000000c0000000| Untracked 
|   1|0x00000000c0100000, 0x00000000c0200000, 0x00000000c0200000|100%|HC|  |TAMS 0x00000000c0200000, 0x00000000c0100000| Untracked 
|   2|0x00000000c0200000, 0x00000000c0300000, 0x00000000c0300000|100%|HC|  |TAMS 0x00000000c0300000, 0x00000000c0200000| Untracked 
|   3|0x00000000c0300000, 0x00000000c0400000, 0x00000000c0400000|100%|HC|  |TAMS 0x00000000c0400000, 0x00000000c0300000| Untracked 
|   4|0x00000000c0400000, 0x00000000c0500000, 0x00000000c0500000|100%|HS|  |TAMS 0x00000000c0500000, 0x00000000c0400000| Untracked 
|   5|0x00000000c0500000, 0x00000000c0600000, 0x00000000c0600000|100%|HC|  |TAMS 0x00000000c0600000, 0x00000000c0500000| Untracked 
|   6|0x00000000c0600000, 0x00000000c06ffff0, 0x00000000c0700000| 99%| O|  |TAMS 0x00000000c06ffff0, 0x00000000c0600000| Untracked 
|   7|0x00000000c0700000, 0x00000000c0800000, 0x00000000c0800000|100%| O|  |TAMS 0x00000000c0800000, 0x00000000c0700000| Untracked 
|   8|0x00000000c0800000, 0x00000000c0900000, 0x00000000c0900000|100%| O|  |TAMS 0x00000000c0900000, 0x00000000c0800000| Untracked 
|   9|0x00000000c0900000, 0x00000000c0a00000, 0x00000000c0a00000|100%| O|  |TAMS 0x00000000c0a00000, 0x00000000c0900000| Untracked 
|  10|0x00000000c0a00000, 0x00000000c0b00000, 0x00000000c0b00000|100%| O|  |TAMS 0x00000000c0b00000, 0x00000000c0a00000| Untracked 
|  11|0x00000000c0b00000, 0x00000000c0bffff8, 0x00000000c0c00000| 99%| O|  |TAMS 0x00000000c0bffff8, 0x00000000c0b00000| Untracked 
|  12|0x00000000c0c00000, 0x00000000c0cfffc8, 0x00000000c0d00000| 99%| O|  |TAMS 0x00000000c0cfffc8, 0x00000000c0c00000| Untracked 
|  13|0x00000000c0d00000, 0x00000000c0e00000, 0x00000000c0e00000|100%| O|  |TAMS 0x00000000c0e00000, 0x00000000c0d00000| Untracked 
|  14|0x00000000c0e00000, 0x00000000c0f00000, 0x00000000c0f00000|100%| O|  |TAMS 0x00000000c0f00000, 0x00000000c0e00000| Untracked 
|  15|0x00000000c0f00000, 0x00000000c1000000, 0x00000000c1000000|100%| O|  |TAMS 0x00000000c1000000, 0x00000000c0f00000| Untracked 
|  16|0x00000000c1000000, 0x00000000c10ffff8, 0x00000000c1100000| 99%| O|  |TAMS 0x00000000c10ffff8, 0x00000000c1000000| Untracked 
|  17|0x00000000c1100000, 0x00000000c11fffd8, 0x00000000c1200000| 99%| O|  |TAMS 0x00000000c11fffd8, 0x00000000c1100000| Untracked 
|  18|0x00000000c1200000, 0x00000000c12ffff0, 0x00000000c1300000| 99%| O|  |TAMS 0x00000000c12ffff0, 0x00000000c1200000| Untracked 
|  19|0x00000000c1300000, 0x00000000c13fffe0, 0x00000000c1400000| 99%| O|  |TAMS 0x00000000c13fffe0, 0x00000000c1300000| Untracked 
|  20|0x00000000c1400000, 0x00000000c14fc7c0, 0x00000000c1500000| 98%| O|  |TAMS 0x00000000c14fc7c0, 0x00000000c1400000| Untracked 
|  21|0x00000000c1500000, 0x00000000c15ffff8, 0x00000000c1600000| 99%| O|  |TAMS 0x00000000c15ffff8, 0x00000000c1500000| Untracked 
|  22|0x00000000c1600000, 0x00000000c16ff8b0, 0x00000000c1700000| 99%| O|  |TAMS 0x00000000c16ff8b0, 0x00000000c1600000| Untracked 
|  23|0x00000000c1700000, 0x00000000c17fffd0, 0x00000000c1800000| 99%| O|  |TAMS 0x00000000c17fffd0, 0x00000000c1700000| Untracked 
|  24|0x00000000c1800000, 0x00000000c18fffd8, 0x00000000c1900000| 99%| O|  |TAMS 0x00000000c18fffd8, 0x00000000c1800000| Untracked 
|  25|0x00000000c1900000, 0x00000000c19fffe0, 0x00000000c1a00000| 99%| O|  |TAMS 0x00000000c19fffe0, 0x00000000c1900000| Untracked 
|  26|0x00000000c1a00000, 0x00000000c1affff0, 0x00000000c1b00000| 99%| O|  |TAMS 0x00000000c1affff0, 0x00000000c1a00000| Untracked 
|  27|0x00000000c1b00000, 0x00000000c1bfffe0, 0x00000000c1c00000| 99%| O|  |TAMS 0x00000000c1bfffe0, 0x00000000c1b00000| Untracked 
|  28|0x00000000c1c00000, 0x00000000c1d00000, 0x00000000c1d00000|100%| O|  |TAMS 0x00000000c1d00000, 0x00000000c1c00000| Untracked 
|  29|0x00000000c1d00000, 0x00000000c1dfffd0, 0x00000000c1e00000| 99%| O|  |TAMS 0x00000000c1dfffd0, 0x00000000c1d00000| Untracked 
|  30|0x00000000c1e00000, 0x00000000c1efffd0, 0x00000000c1f00000| 99%| O|  |TAMS 0x00000000c1efffd0, 0x00000000c1e00000| Untracked 
|  31|0x00000000c1f00000, 0x00000000c1ffd418, 0x00000000c2000000| 98%| O|  |TAMS 0x00000000c1ffd418, 0x00000000c1f00000| Untracked 
|  32|0x00000000c2000000, 0x00000000c20fffa0, 0x00000000c2100000| 99%| O|  |TAMS 0x00000000c20fffa0, 0x00000000c2000000| Untracked 
|  33|0x00000000c2100000, 0x00000000c21ffff8, 0x00000000c2200000| 99%| O|  |TAMS 0x00000000c21ffff8, 0x00000000c2100000| Untracked 
|  34|0x00000000c2200000, 0x00000000c2300000, 0x00000000c2300000|100%| O|  |TAMS 0x00000000c2300000, 0x00000000c2200000| Untracked 
|  35|0x00000000c2300000, 0x00000000c23fffd0, 0x00000000c2400000| 99%| O|  |TAMS 0x00000000c23fffd0, 0x00000000c2300000| Untracked 
|  36|0x00000000c2400000, 0x00000000c24ffff0, 0x00000000c2500000| 99%| O|  |TAMS 0x00000000c24ffff0, 0x00000000c2400000| Untracked 
|  37|0x00000000c2500000, 0x00000000c25fffe0, 0x00000000c2600000| 99%| O|  |TAMS 0x00000000c25fffe0, 0x00000000c2500000| Untracked 
|  38|0x00000000c2600000, 0x00000000c26fffd8, 0x00000000c2700000| 99%| O|  |TAMS 0x00000000c26fffd8, 0x00000000c2600000| Untracked 
|  39|0x00000000c2700000, 0x00000000c273fb78, 0x00000000c2800000| 24%| O|  |TAMS 0x00000000c2700000, 0x00000000c2700000| Untracked 
|  40|0x00000000c2800000, 0x00000000c2800068, 0x00000000c2900000|  0%| O|  |TAMS 0x00000000c2800000, 0x00000000c2800000| Untracked 
|  41|0x00000000c2900000, 0x00000000c2900000, 0x00000000c2a00000|  0%| F|  |TAMS 0x00000000c2900000, 0x00000000c2900000| Untracked 
|  42|0x00000000c2a00000, 0x00000000c2a00000, 0x00000000c2b00000|  0%| F|  |TAMS 0x00000000c2a00000, 0x00000000c2a00000| Untracked 
|  43|0x00000000c2b00000, 0x00000000c2b00000, 0x00000000c2c00000|  0%| F|  |TAMS 0x00000000c2b00000, 0x00000000c2b00000| Untracked 
|  44|0x00000000c2c00000, 0x00000000c2c00000, 0x00000000c2d00000|  0%| F|  |TAMS 0x00000000c2c00000, 0x00000000c2c00000| Untracked 
|  45|0x00000000c2d00000, 0x00000000c2d00000, 0x00000000c2e00000|  0%| F|  |TAMS 0x00000000c2d00000, 0x00000000c2d00000| Untracked 
|  46|0x00000000c2e00000, 0x00000000c2e00000, 0x00000000c2f00000|  0%| F|  |TAMS 0x00000000c2e00000, 0x00000000c2e00000| Untracked 
|  47|0x00000000c2f00000, 0x00000000c2f00000, 0x00000000c3000000|  0%| F|  |TAMS 0x00000000c2f00000, 0x00000000c2f00000| Untracked 
|  48|0x00000000c3000000, 0x00000000c3000000, 0x00000000c3100000|  0%| F|  |TAMS 0x00000000c3000000, 0x00000000c3000000| Untracked 
|  49|0x00000000c3100000, 0x00000000c3100000, 0x00000000c3200000|  0%| F|  |TAMS 0x00000000c3100000, 0x00000000c3100000| Untracked 
|  50|0x00000000c3200000, 0x00000000c3200000, 0x00000000c3300000|  0%| F|  |TAMS 0x00000000c3200000, 0x00000000c3200000| Untracked 
|  51|0x00000000c3300000, 0x00000000c3300000, 0x00000000c3400000|  0%| F|  |TAMS 0x00000000c3300000, 0x00000000c3300000| Untracked 
|  52|0x00000000c3400000, 0x00000000c3400000, 0x00000000c3500000|  0%| F|  |TAMS 0x00000000c3400000, 0x00000000c3400000| Untracked 
|  53|0x00000000c3500000, 0x00000000c3500000, 0x00000000c3600000|  0%| F|  |TAMS 0x00000000c3500000, 0x00000000c3500000| Untracked 
|  54|0x00000000c3600000, 0x00000000c3600000, 0x00000000c3700000|  0%| F|  |TAMS 0x00000000c3600000, 0x00000000c3600000| Untracked 
|  55|0x00000000c3700000, 0x00000000c3700000, 0x00000000c3800000|  0%| F|  |TAMS 0x00000000c3700000, 0x00000000c3700000| Untracked 
|  56|0x00000000c3800000, 0x00000000c3800000, 0x00000000c3900000|  0%| F|  |TAMS 0x00000000c3800000, 0x00000000c3800000| Untracked 
|  57|0x00000000c3900000, 0x00000000c3900000, 0x00000000c3a00000|  0%| F|  |TAMS 0x00000000c3900000, 0x00000000c3900000| Untracked 
|  58|0x00000000c3a00000, 0x00000000c3a00000, 0x00000000c3b00000|  0%| F|  |TAMS 0x00000000c3a00000, 0x00000000c3a00000| Untracked 
|  59|0x00000000c3b00000, 0x00000000c3b00000, 0x00000000c3c00000|  0%| F|  |TAMS 0x00000000c3b00000, 0x00000000c3b00000| Untracked 
|  60|0x00000000c3c00000, 0x00000000c3c00000, 0x00000000c3d00000|  0%| F|  |TAMS 0x00000000c3c00000, 0x00000000c3c00000| Untracked 
|  61|0x00000000c3d00000, 0x00000000c3d00000, 0x00000000c3e00000|  0%| F|  |TAMS 0x00000000c3d00000, 0x00000000c3d00000| Untracked 
|  62|0x00000000c3e00000, 0x00000000c3e00000, 0x00000000c3f00000|  0%| F|  |TAMS 0x00000000c3e00000, 0x00000000c3e00000| Untracked 
|  63|0x00000000c3f00000, 0x00000000c3f00000, 0x00000000c4000000|  0%| F|  |TAMS 0x00000000c3f00000, 0x00000000c3f00000| Untracked 
|  64|0x00000000c4000000, 0x00000000c4000000, 0x00000000c4100000|  0%| F|  |TAMS 0x00000000c4000000, 0x00000000c4000000| Untracked 
|  65|0x00000000c4100000, 0x00000000c4100000, 0x00000000c4200000|  0%| F|  |TAMS 0x00000000c4100000, 0x00000000c4100000| Untracked 
|  66|0x00000000c4200000, 0x00000000c4200000, 0x00000000c4300000|  0%| F|  |TAMS 0x00000000c4200000, 0x00000000c4200000| Untracked 
|  67|0x00000000c4300000, 0x00000000c4300000, 0x00000000c4400000|  0%| F|  |TAMS 0x00000000c4300000, 0x00000000c4300000| Untracked 
|  68|0x00000000c4400000, 0x00000000c4400000, 0x00000000c4500000|  0%| F|  |TAMS 0x00000000c4400000, 0x00000000c4400000| Untracked 
|  69|0x00000000c4500000, 0x00000000c4500000, 0x00000000c4600000|  0%| F|  |TAMS 0x00000000c4500000, 0x00000000c4500000| Untracked 
|  70|0x00000000c4600000, 0x00000000c4600000, 0x00000000c4700000|  0%| F|  |TAMS 0x00000000c4600000, 0x00000000c4600000| Untracked 
|  71|0x00000000c4700000, 0x00000000c4700000, 0x00000000c4800000|  0%| F|  |TAMS 0x00000000c4700000, 0x00000000c4700000| Untracked 
|  72|0x00000000c4800000, 0x00000000c4800000, 0x00000000c4900000|  0%| F|  |TAMS 0x00000000c4800000, 0x00000000c4800000| Untracked 
|  73|0x00000000c4900000, 0x00000000c4900000, 0x00000000c4a00000|  0%| F|  |TAMS 0x00000000c4900000, 0x00000000c4900000| Untracked 
|  74|0x00000000c4a00000, 0x00000000c4a00000, 0x00000000c4b00000|  0%| F|  |TAMS 0x00000000c4a00000, 0x00000000c4a00000| Untracked 
|  75|0x00000000c4b00000, 0x00000000c4b00000, 0x00000000c4c00000|  0%| F|  |TAMS 0x00000000c4b00000, 0x00000000c4b00000| Untracked 
|  76|0x00000000c4c00000, 0x00000000c4c00000, 0x00000000c4d00000|  0%| F|  |TAMS 0x00000000c4c00000, 0x00000000c4c00000| Untracked 
|  77|0x00000000c4d00000, 0x00000000c4d00000, 0x00000000c4e00000|  0%| F|  |TAMS 0x00000000c4d00000, 0x00000000c4d00000| Untracked 
|  78|0x00000000c4e00000, 0x00000000c4e00000, 0x00000000c4f00000|  0%| F|  |TAMS 0x00000000c4e00000, 0x00000000c4e00000| Untracked 
|  79|0x00000000c4f00000, 0x00000000c4f00000, 0x00000000c5000000|  0%| F|  |TAMS 0x00000000c4f00000, 0x00000000c4f00000| Untracked 
|  80|0x00000000c5000000, 0x00000000c5000000, 0x00000000c5100000|  0%| F|  |TAMS 0x00000000c5000000, 0x00000000c5000000| Untracked 
|  81|0x00000000c5100000, 0x00000000c5100000, 0x00000000c5200000|  0%| F|  |TAMS 0x00000000c5100000, 0x00000000c5100000| Untracked 
|  82|0x00000000c5200000, 0x00000000c5200000, 0x00000000c5300000|  0%| F|  |TAMS 0x00000000c5200000, 0x00000000c5200000| Untracked 
|  83|0x00000000c5300000, 0x00000000c5300000, 0x00000000c5400000|  0%| F|  |TAMS 0x00000000c5300000, 0x00000000c5300000| Untracked 
|  84|0x00000000c5400000, 0x00000000c5400000, 0x00000000c5500000|  0%| F|  |TAMS 0x00000000c5400000, 0x00000000c5400000| Untracked 
|  85|0x00000000c5500000, 0x00000000c5500000, 0x00000000c5600000|  0%| F|  |TAMS 0x00000000c5500000, 0x00000000c5500000| Untracked 
|  86|0x00000000c5600000, 0x00000000c5600000, 0x00000000c5700000|  0%| F|  |TAMS 0x00000000c5600000, 0x00000000c5600000| Untracked 
|  87|0x00000000c5700000, 0x00000000c5700000, 0x00000000c5800000|  0%| F|  |TAMS 0x00000000c5700000, 0x00000000c5700000| Untracked 
|  88|0x00000000c5800000, 0x00000000c5800000, 0x00000000c5900000|  0%| F|  |TAMS 0x00000000c5800000, 0x00000000c5800000| Untracked 
|  89|0x00000000c5900000, 0x00000000c5900000, 0x00000000c5a00000|  0%| F|  |TAMS 0x00000000c5900000, 0x00000000c5900000| Untracked 
|  90|0x00000000c5a00000, 0x00000000c5a00000, 0x00000000c5b00000|  0%| F|  |TAMS 0x00000000c5a00000, 0x00000000c5a00000| Untracked 
|  91|0x00000000c5b00000, 0x00000000c5b00000, 0x00000000c5c00000|  0%| F|  |TAMS 0x00000000c5b00000, 0x00000000c5b00000| Untracked 
|  92|0x00000000c5c00000, 0x00000000c5c00000, 0x00000000c5d00000|  0%| F|  |TAMS 0x00000000c5c00000, 0x00000000c5c00000| Untracked 
|  93|0x00000000c5d00000, 0x00000000c5d00000, 0x00000000c5e00000|  0%| F|  |TAMS 0x00000000c5d00000, 0x00000000c5d00000| Untracked 
|  94|0x00000000c5e00000, 0x00000000c5e00000, 0x00000000c5f00000|  0%| F|  |TAMS 0x00000000c5e00000, 0x00000000c5e00000| Untracked 
|  95|0x00000000c5f00000, 0x00000000c5f00000, 0x00000000c6000000|  0%| F|  |TAMS 0x00000000c5f00000, 0x00000000c5f00000| Untracked 
|  96|0x00000000c6000000, 0x00000000c6000000, 0x00000000c6100000|  0%| F|  |TAMS 0x00000000c6000000, 0x00000000c6000000| Untracked 
|  97|0x00000000c6100000, 0x00000000c6100000, 0x00000000c6200000|  0%| F|  |TAMS 0x00000000c6100000, 0x00000000c6100000| Untracked 
|  98|0x00000000c6200000, 0x00000000c6200000, 0x00000000c6300000|  0%| F|  |TAMS 0x00000000c6200000, 0x00000000c6200000| Untracked 
| 146|0x00000000c9200000, 0x00000000c9200000, 0x00000000c9300000|  0%| F|  |TAMS 0x00000000c9200000, 0x00000000c9200000| Untracked 
|1022|0x00000000ffe00000, 0x00000000ffe00000, 0x00000000fff00000|  0%| F|  |TAMS 0x00000000ffe00000, 0x00000000ffe00000| Untracked 
|1023|0x00000000fff00000, 0x00000000fff058a8, 0x0000000100000000|  2%| E|  |TAMS 0x00000000fff00000, 0x00000000fff00000| Complete 

Card table byte_map: [0x000002308eed0000,0x000002308f0d0000] _byte_map_base: 0x000002308e8d0000

Marking Bits (Prev, Next): (CMBitMap*) 0x0000023088f91f80, (CMBitMap*) 0x0000023088f91fc0
 Prev Bits: [0x000002308f2d0000, 0x00000230902d0000)
 Next Bits: [0x00000230902d0000, 0x00000230912d0000)

Polling page: 0x00000230886e0000

Metaspace:

Usage:
  Non-class:     53.50 MB used.
      Class:      7.75 MB used.
       Both:     61.25 MB used.

Virtual space:
  Non-class space:       64.00 MB reserved,      53.75 MB ( 84%) committed,  1 nodes.
      Class space:        1.00 GB reserved,       7.94 MB ( <1%) committed,  1 nodes.
             Both:        1.06 GB reserved,      61.69 MB (  6%) committed. 

Chunk freelists:
   Non-Class:  9.65 MB
       Class:  7.89 MB
        Both:  17.54 MB

MaxMetaspaceSize: unlimited
CompressedClassSpaceSize: 1.00 GB
Initial GC threshold: 21.00 MB
Current GC threshold: 102.81 MB
CDS: off
MetaspaceReclaimPolicy: balanced
 - commit_granule_bytes: 65536.
 - commit_granule_words: 8192.
 - virtual_space_node_default_size: 8388608.
 - enlarge_chunks_in_place: 1.
 - new_chunks_are_fully_committed: 0.
 - uncommit_free_chunks: 1.
 - use_allocation_guard: 0.
 - handle_deallocations: 1.


Internal statistics:

num_allocs_failed_limit: 6.
num_arena_births: 1074.
num_arena_deaths: 524.
num_vsnodes_births: 2.
num_vsnodes_deaths: 0.
num_space_committed: 987.
num_space_uncommitted: 1.
num_chunks_returned_to_freelist: 679.
num_chunks_taken_from_freelist: 3391.
num_chunk_merges: 200.
num_chunk_splits: 2022.
num_chunks_enlarged: 1382.
num_inconsistent_stats: 0.

CodeCache: size=49152Kb used=19808Kb max_used=20990Kb free=29344Kb
 bounds [0x000002308bbc0000, 0x000002308d0a0000, 0x000002308ebc0000]
 total_blobs=10991 nmethods=10331 adapters=586
 compilation: enabled
              stopped_count=0, restarted_count=0
 full_count=0

Compilation events (20 events):
Event: 78185.252 Thread 0x0000023098042820 10547       1       org.eclipse.jdt.internal.compiler.parser.Parser::isAFieldDeclarationInRecord (198 bytes)
Event: 78185.256 Thread 0x0000023098042820 nmethod 10547 0x000002308d086710 code [0x000002308d086900, 0x000002308d086e68]
Event: 78185.256 Thread 0x0000023098042820 10548       1       org.eclipse.jdt.internal.compiler.ClassFile::add (57 bytes)
Event: 78185.257 Thread 0x0000023098042820 nmethod 10548 0x000002308d086090 code [0x000002308d086260, 0x000002308d086518]
Event: 78187.340 Thread 0x0000023098042820 10549       1       org.apache.commons.codec.digest.DigestUtils::md5Hex (8 bytes)
Event: 78187.350 Thread 0x0000023098042820 nmethod 10549 0x000002308d085710 code [0x000002308d085900, 0x000002308d085ce8]
Event: 78187.350 Thread 0x0000023098042820 10550       1       org.apache.commons.codec.digest.DigestUtils::md5 (8 bytes)
Event: 78187.351 Thread 0x0000023098042820 nmethod 10550 0x000002308d085010 code [0x000002308d0851e0, 0x000002308d085468]
Event: 78187.351 Thread 0x0000023098042820 10551       1       org.apache.commons.codec.binary.StringUtils::getBytesUtf8 (8 bytes)
Event: 78187.351 Thread 0x0000023098042820 nmethod 10551 0x000002308d084c90 code [0x000002308d084e20, 0x000002308d084f28]
Event: 78187.351 Thread 0x0000023098042820 10552       1       org.apache.commons.codec.binary.StringUtils::getBytes (14 bytes)
Event: 78187.351 Thread 0x0000023098042820 nmethod 10552 0x000002308d084810 code [0x000002308d0849c0, 0x000002308d084b78]
Event: 78187.351 Thread 0x0000023098042820 10553       1       org.apache.commons.codec.digest.DigestUtils::md5 (8 bytes)
Event: 78187.351 Thread 0x0000023098042820 nmethod 10553 0x000002308d084210 code [0x000002308d0843e0, 0x000002308d0845f8]
Event: 78187.351 Thread 0x0000023098042820 10554       1       org.apache.commons.codec.digest.DigestUtils::getMd5Digest (6 bytes)
Event: 78187.351 Thread 0x0000023098042820 nmethod 10554 0x000002308d083e10 code [0x000002308d083fc0, 0x000002308d084118]
Event: 78187.351 Thread 0x0000023098042820 10555   !   1       org.apache.commons.codec.digest.DigestUtils::getDigest (15 bytes)
Event: 78187.351 Thread 0x0000023098042820 nmethod 10555 0x000002308d083a10 code [0x000002308d083bc0, 0x000002308d083d18]
Event: 78435.889 Thread 0x0000023098042820 10556       1       sun.nio.cs.SingleByte$Encoder::encode (32 bytes)
Event: 78435.890 Thread 0x0000023098042820 nmethod 10556 0x000002308d083610 code [0x000002308d0837a0, 0x000002308d083918]

GC Heap History (20 events):
Event: 78404.273 GC heap after
{Heap after GC invocations=6860 (full 6765):
 garbage-first heap   total 104448K, used 40162K [0x00000000c0000000, 0x0000000100000000)
  region size 1024K, 0 young (0K), 0 survivors (0K)
 Metaspace       used 62722K, committed 63168K, reserved 1114112K
  class space    used 7935K, committed 8128K, reserved 1048576K
}
Event: 78414.726 GC heap before
{Heap before GC invocations=6860 (full 6765):
 garbage-first heap   total 104448K, used 40162K [0x00000000c0000000, 0x0000000100000000)
  region size 1024K, 1 young (1024K), 0 survivors (0K)
 Metaspace       used 62722K, committed 63168K, reserved 1114112K
  class space    used 7935K, committed 8128K, reserved 1048576K
}
Event: 78414.810 GC heap after
{Heap after GC invocations=6861 (full 6766):
 garbage-first heap   total 104448K, used 40162K [0x00000000c0000000, 0x0000000100000000)
  region size 1024K, 0 young (0K), 0 survivors (0K)
 Metaspace       used 62722K, committed 63168K, reserved 1114112K
  class space    used 7935K, committed 8128K, reserved 1048576K
}
Event: 78425.701 GC heap before
{Heap before GC invocations=6861 (full 6766):
 garbage-first heap   total 104448K, used 40162K [0x00000000c0000000, 0x0000000100000000)
  region size 1024K, 1 young (1024K), 0 survivors (0K)
 Metaspace       used 62722K, committed 63168K, reserved 1114112K
  class space    used 7935K, committed 8128K, reserved 1048576K
}
Event: 78425.847 GC heap after
{Heap after GC invocations=6862 (full 6767):
 garbage-first heap   total 104448K, used 40162K [0x00000000c0000000, 0x0000000100000000)
  region size 1024K, 0 young (0K), 0 survivors (0K)
 Metaspace       used 62722K, committed 63168K, reserved 1114112K
  class space    used 7935K, committed 8128K, reserved 1048576K
}
Event: 78446.263 GC heap before
{Heap before GC invocations=6862 (full 6767):
 garbage-first heap   total 104448K, used 40162K [0x00000000c0000000, 0x0000000100000000)
  region size 1024K, 1 young (1024K), 0 survivors (0K)
 Metaspace       used 62722K, committed 63168K, reserved 1114112K
  class space    used 7935K, committed 8128K, reserved 1048576K
}
Event: 78446.368 GC heap after
{Heap after GC invocations=6863 (full 6768):
 garbage-first heap   total 104448K, used 40163K [0x00000000c0000000, 0x0000000100000000)
  region size 1024K, 0 young (0K), 0 survivors (0K)
 Metaspace       used 62722K, committed 63168K, reserved 1114112K
  class space    used 7935K, committed 8128K, reserved 1048576K
}
Event: 78456.524 GC heap before
{Heap before GC invocations=6863 (full 6768):
 garbage-first heap   total 104448K, used 40163K [0x00000000c0000000, 0x0000000100000000)
  region size 1024K, 1 young (1024K), 0 survivors (0K)
 Metaspace       used 62722K, committed 63168K, reserved 1114112K
  class space    used 7935K, committed 8128K, reserved 1048576K
}
Event: 78456.571 GC heap after
{Heap after GC invocations=6864 (full 6769):
 garbage-first heap   total 104448K, used 40163K [0x00000000c0000000, 0x0000000100000000)
  region size 1024K, 0 young (0K), 0 survivors (0K)
 Metaspace       used 62722K, committed 63168K, reserved 1114112K
  class space    used 7935K, committed 8128K, reserved 1048576K
}
Event: 78466.758 GC heap before
{Heap before GC invocations=6864 (full 6769):
 garbage-first heap   total 104448K, used 40163K [0x00000000c0000000, 0x0000000100000000)
  region size 1024K, 1 young (1024K), 0 survivors (0K)
 Metaspace       used 62722K, committed 63168K, reserved 1114112K
  class space    used 7935K, committed 8128K, reserved 1048576K
}
Event: 78466.798 GC heap after
{Heap after GC invocations=6865 (full 6770):
 garbage-first heap   total 104448K, used 40163K [0x00000000c0000000, 0x0000000100000000)
  region size 1024K, 0 young (0K), 0 survivors (0K)
 Metaspace       used 62722K, committed 63168K, reserved 1114112K
  class space    used 7935K, committed 8128K, reserved 1048576K
}
Event: 78477.466 GC heap before
{Heap before GC invocations=6865 (full 6770):
 garbage-first heap   total 104448K, used 40163K [0x00000000c0000000, 0x0000000100000000)
  region size 1024K, 1 young (1024K), 0 survivors (0K)
 Metaspace       used 62722K, committed 63168K, reserved 1114112K
  class space    used 7935K, committed 8128K, reserved 1048576K
}
Event: 78477.580 GC heap after
{Heap after GC invocations=6866 (full 6771):
 garbage-first heap   total 104448K, used 40163K [0x00000000c0000000, 0x0000000100000000)
  region size 1024K, 0 young (0K), 0 survivors (0K)
 Metaspace       used 62722K, committed 63168K, reserved 1114112K
  class space    used 7935K, committed 8128K, reserved 1048576K
}
Event: 78488.259 GC heap before
{Heap before GC invocations=6866 (full 6771):
 garbage-first heap   total 104448K, used 40163K [0x00000000c0000000, 0x0000000100000000)
  region size 1024K, 1 young (1024K), 0 survivors (0K)
 Metaspace       used 62722K, committed 63168K, reserved 1114112K
  class space    used 7935K, committed 8128K, reserved 1048576K
}
Event: 78488.380 GC heap after
{Heap after GC invocations=6867 (full 6772):
 garbage-first heap   total 104448K, used 40163K [0x00000000c0000000, 0x0000000100000000)
  region size 1024K, 0 young (0K), 0 survivors (0K)
 Metaspace       used 62722K, committed 63168K, reserved 1114112K
  class space    used 7935K, committed 8128K, reserved 1048576K
}
Event: 78498.826 GC heap before
{Heap before GC invocations=6867 (full 6772):
 garbage-first heap   total 104448K, used 40163K [0x00000000c0000000, 0x0000000100000000)
  region size 1024K, 1 young (1024K), 0 survivors (0K)
 Metaspace       used 62722K, committed 63168K, reserved 1114112K
  class space    used 7935K, committed 8128K, reserved 1048576K
}
Event: 78498.901 GC heap after
{Heap after GC invocations=6868 (full 6773):
 garbage-first heap   total 104448K, used 40163K [0x00000000c0000000, 0x0000000100000000)
  region size 1024K, 0 young (0K), 0 survivors (0K)
 Metaspace       used 62722K, committed 63168K, reserved 1114112K
  class space    used 7935K, committed 8128K, reserved 1048576K
}
Event: 78514.874 GC heap before
{Heap before GC invocations=6868 (full 6773):
 garbage-first heap   total 104448K, used 40163K [0x00000000c0000000, 0x0000000100000000)
  region size 1024K, 1 young (1024K), 0 survivors (0K)
 Metaspace       used 62722K, committed 63168K, reserved 1114112K
  class space    used 7935K, committed 8128K, reserved 1048576K
}
Event: 78530.700 GC heap after
{Heap after GC invocations=6869 (full 6774):
 garbage-first heap   total 104448K, used 40163K [0x00000000c0000000, 0x0000000100000000)
  region size 1024K, 0 young (0K), 0 survivors (0K)
 Metaspace       used 62722K, committed 63168K, reserved 1114112K
  class space    used 7935K, committed 8128K, reserved 1048576K
}
Event: 78540.986 GC heap before
{Heap before GC invocations=6869 (full 6774):
 garbage-first heap   total 104448K, used 40163K [0x00000000c0000000, 0x0000000100000000)
  region size 1024K, 1 young (1024K), 0 survivors (0K)
 Metaspace       used 62722K, committed 63168K, reserved 1114112K
  class space    used 7935K, committed 8128K, reserved 1048576K
}

Dll operation events (10 events):
Event: 0.046 Loaded shared library c:\Users\guilh\.vscode\extensions\redhat.java-1.34.0-win32-x64\jre\17.0.12-win32-x86_64\bin\java.dll
Event: 0.239 Loaded shared library C:\Users\guilh\.vscode\extensions\redhat.java-1.34.0-win32-x64\jre\17.0.12-win32-x86_64\bin\net.dll
Event: 0.243 Loaded shared library C:\Users\guilh\.vscode\extensions\redhat.java-1.34.0-win32-x64\jre\17.0.12-win32-x86_64\bin\nio.dll
Event: 0.259 Loaded shared library C:\Users\guilh\.vscode\extensions\redhat.java-1.34.0-win32-x64\jre\17.0.12-win32-x86_64\bin\zip.dll
Event: 18.106 Loaded shared library C:\Users\guilh\.vscode\extensions\redhat.java-1.34.0-win32-x64\jre\17.0.12-win32-x86_64\bin\jimage.dll
Event: 19.891 Loaded shared library c:\Users\guilh\.vscode\extensions\redhat.java-1.34.0-win32-x64\jre\17.0.12-win32-x86_64\bin\verify.dll
Event: 21.873 Loaded shared library C:\Users\guilh\.vscode\extensions\redhat.java-1.34.0-win32-x64\jre\17.0.12-win32-x86_64\bin\management.dll
Event: 21.876 Loaded shared library C:\Users\guilh\.vscode\extensions\redhat.java-1.34.0-win32-x64\jre\17.0.12-win32-x86_64\bin\management_ext.dll
Event: 23.084 Loaded shared library C:\Users\guilh\.vscode\extensions\redhat.java-1.34.0-win32-x64\jre\17.0.12-win32-x86_64\bin\sunmscapi.dll
Event: 23.130 Loaded shared library C:\Users\guilh\.vscode\extensions\redhat.java-1.34.0-win32-x64\jre\17.0.12-win32-x86_64\bin\extnet.dll

Deoptimization events (20 events):
Event: 23.891 Thread 0x0000023099be0190 DEOPT PACKING pc=0x000002308c2a0da4 sp=0x000000e8d1dfef90
Event: 23.891 Thread 0x0000023099be0190 DEOPT UNPACKING pc=0x000002308bc17143 sp=0x000000e8d1dfe478 mode 0
Event: 117.025 Thread 0x0000023099bdf770 DEOPT PACKING pc=0x000002308c46bd0c sp=0x000000e8d19fe140
Event: 117.025 Thread 0x0000023099bdf770 DEOPT UNPACKING pc=0x000002308bc17143 sp=0x000000e8d19fd6a8 mode 0
Event: 117.025 Thread 0x0000023099bdf770 DEOPT PACKING pc=0x000002308c5652cc sp=0x000000e8d19fe270
Event: 117.025 Thread 0x0000023099bdf770 DEOPT UNPACKING pc=0x000002308bc17143 sp=0x000000e8d19fd750 mode 0
Event: 117.025 Thread 0x0000023099bdf770 DEOPT PACKING pc=0x000002308c46bd0c sp=0x000000e8d19fe3a0
Event: 117.025 Thread 0x0000023099bdf770 DEOPT UNPACKING pc=0x000002308bc17143 sp=0x000000e8d19fd908 mode 0
Event: 117.025 Thread 0x0000023099bdf770 DEOPT PACKING pc=0x000002308c5652cc sp=0x000000e8d19fe4d0
Event: 117.025 Thread 0x0000023099bdf770 DEOPT UNPACKING pc=0x000002308bc17143 sp=0x000000e8d19fd9c8 mode 0
Event: 117.033 Thread 0x0000023099bdf770 DEOPT PACKING pc=0x000002308c46bd0c sp=0x000000e8d19fe840
Event: 117.033 Thread 0x0000023099bdf770 DEOPT UNPACKING pc=0x000002308bc17143 sp=0x000000e8d19fdda8 mode 0
Event: 117.033 Thread 0x0000023099bdf770 DEOPT PACKING pc=0x000002308c5652cc sp=0x000000e8d19fe970
Event: 117.033 Thread 0x0000023099bdf770 DEOPT UNPACKING pc=0x000002308bc17143 sp=0x000000e8d19fde68 mode 0
Event: 268.278 Thread 0x0000023098f7e130 DEOPT PACKING pc=0x000002308c5f9bd4 sp=0x000000e8d0ffebe0
Event: 268.278 Thread 0x0000023098f7e130 DEOPT UNPACKING pc=0x000002308bc17143 sp=0x000000e8d0ffe068 mode 0
Event: 3731.780 Thread 0x000002309a8e3380 DEOPT PACKING pc=0x000002308bf67fa6 sp=0x000000e8cfafe010
Event: 3731.781 Thread 0x000002309a8e3380 DEOPT UNPACKING pc=0x000002308bc17143 sp=0x000000e8cfafd598 mode 0
Event: 3731.784 Thread 0x000002309a8e3380 DEOPT PACKING pc=0x000002308c9ccc94 sp=0x000000e8cfafe190
Event: 3731.784 Thread 0x000002309a8e3380 DEOPT UNPACKING pc=0x000002308bc17143 sp=0x000000e8cfafd6c8 mode 0

Classes loaded (20 events):
Event: 3031.701 Loading class sun/util/resources/LocaleData$CommonResourceBundleProvider
Event: 3031.702 Loading class sun/util/resources/LocaleData$LocaleDataResourceBundleProvider
Event: 3031.702 Loading class java/util/spi/ResourceBundleProvider
Event: 3031.702 Loading class java/util/spi/ResourceBundleProvider done
Event: 3031.702 Loading class sun/util/resources/LocaleData$LocaleDataResourceBundleProvider done
Event: 3031.702 Loading class sun/util/resources/LocaleData$CommonResourceBundleProvider done
Event: 3031.703 Loading class sun/util/resources/Bundles$2
Event: 3031.704 Loading class sun/util/resources/Bundles$2 done
Event: 3031.735 Loading class java/util/stream/ReduceOps$7
Event: 3031.735 Loading class java/util/stream/ReduceOps$7 done
Event: 3031.736 Loading class java/util/stream/ReduceOps$6ReducingSink
Event: 3031.736 Loading class java/util/stream/ReduceOps$6ReducingSink done
Event: 3041.355 Loading class java/util/Spliterators$IntArraySpliterator
Event: 3041.355 Loading class java/util/Spliterators$IntArraySpliterator done
Event: 3041.355 Loading class java/util/stream/Nodes$IntSpinedNodeBuilder
Event: 3041.356 Loading class java/util/stream/SpinedBuffer$OfInt
Event: 3041.356 Loading class java/util/stream/SpinedBuffer$OfPrimitive
Event: 3041.356 Loading class java/util/stream/SpinedBuffer$OfPrimitive done
Event: 3041.356 Loading class java/util/stream/SpinedBuffer$OfInt done
Event: 3041.356 Loading class java/util/stream/Nodes$IntSpinedNodeBuilder done

Classes unloaded (20 events):
Event: 62139.357 Thread 0x0000023093d7fda0 Unloading class 0x000000010081c400 'jdk/internal/reflect/GeneratedConstructorAccessor98'
Event: 62139.357 Thread 0x0000023093d7fda0 Unloading class 0x000000010081c000 'jdk/internal/reflect/GeneratedConstructorAccessor97'
Event: 64006.349 Thread 0x0000023093d7fda0 Unloading class 0x000000010081dc00 'jdk/internal/reflect/GeneratedMethodAccessor68'
Event: 64006.349 Thread 0x0000023093d7fda0 Unloading class 0x000000010081d800 'jdk/internal/reflect/GeneratedConstructorAccessor103'
Event: 64006.349 Thread 0x0000023093d7fda0 Unloading class 0x000000010081d400 'jdk/internal/reflect/GeneratedMethodAccessor67'
Event: 64006.349 Thread 0x0000023093d7fda0 Unloading class 0x000000010081d000 'jdk/internal/reflect/GeneratedConstructorAccessor102'
Event: 64006.349 Thread 0x0000023093d7fda0 Unloading class 0x000000010081cc00 'jdk/internal/reflect/GeneratedMethodAccessor66'
Event: 64006.349 Thread 0x0000023093d7fda0 Unloading class 0x000000010081c800 'jdk/internal/reflect/GeneratedMethodAccessor65'
Event: 64006.350 Thread 0x0000023093d7fda0 Unloading class 0x000000010081c400 'jdk/internal/reflect/GeneratedMethodAccessor64'
Event: 64709.098 Thread 0x0000023093d7fda0 Unloading class 0x000000010081ec00 'jdk/internal/reflect/GeneratedConstructorAccessor109'
Event: 64709.098 Thread 0x0000023093d7fda0 Unloading class 0x000000010081e800 'jdk/internal/reflect/GeneratedConstructorAccessor108'
Event: 64709.098 Thread 0x0000023093d7fda0 Unloading class 0x000000010081e400 'jdk/internal/reflect/GeneratedConstructorAccessor107'
Event: 64709.098 Thread 0x0000023093d7fda0 Unloading class 0x000000010081e000 'jdk/internal/reflect/GeneratedConstructorAccessor106'
Event: 64729.650 Thread 0x0000023093d7fda0 Unloading class 0x000000010081dc00 'jdk/internal/reflect/GeneratedMethodAccessor73'
Event: 64729.650 Thread 0x0000023093d7fda0 Unloading class 0x000000010081d800 'jdk/internal/reflect/GeneratedConstructorAccessor105'
Event: 64729.650 Thread 0x0000023093d7fda0 Unloading class 0x000000010081d400 'jdk/internal/reflect/GeneratedMethodAccessor72'
Event: 64729.650 Thread 0x0000023093d7fda0 Unloading class 0x000000010081d000 'jdk/internal/reflect/GeneratedConstructorAccessor104'
Event: 64729.650 Thread 0x0000023093d7fda0 Unloading class 0x000000010081cc00 'jdk/internal/reflect/GeneratedMethodAccessor71'
Event: 64729.650 Thread 0x0000023093d7fda0 Unloading class 0x000000010081c800 'jdk/internal/reflect/GeneratedMethodAccessor70'
Event: 64729.650 Thread 0x0000023093d7fda0 Unloading class 0x000000010081c400 'jdk/internal/reflect/GeneratedMethodAccessor69'

Classes redefined (0 events):
No events

Internal exceptions (20 events):
Event: 64658.400 Thread 0x0000023099bdc9e0 Exception <a 'sun/nio/fs/WindowsException'{0x00000000c52cacc0}> (0x00000000c52cacc0) 
thrown [s\src\hotspot\share\prims\jni.cpp, line 516]
Event: 64658.401 Thread 0x0000023099bdc9e0 Exception <a 'sun/nio/fs/WindowsException'{0x00000000c52e5c08}> (0x00000000c52e5c08) 
thrown [s\src\hotspot\share\prims\jni.cpp, line 516]
Event: 64658.401 Thread 0x0000023099bdc9e0 Exception <a 'sun/nio/fs/WindowsException'{0x00000000c52e64a0}> (0x00000000c52e64a0) 
thrown [s\src\hotspot\share\prims\jni.cpp, line 516]
Event: 64658.401 Thread 0x0000023099bdc9e0 Exception <a 'sun/nio/fs/WindowsException'{0x00000000c52e68f0}> (0x00000000c52e68f0) 
thrown [s\src\hotspot\share\prims\jni.cpp, line 516]
Event: 64658.401 Thread 0x0000023099bdc9e0 Exception <a 'sun/nio/fs/WindowsException'{0x00000000c52e7900}> (0x00000000c52e7900) 
thrown [s\src\hotspot\share\prims\jni.cpp, line 516]
Event: 64658.401 Thread 0x0000023099bdc9e0 Exception <a 'sun/nio/fs/WindowsException'{0x00000000c52e7da0}> (0x00000000c52e7da0) 
thrown [s\src\hotspot\share\prims\jni.cpp, line 516]
Event: 64658.401 Thread 0x0000023099bdc9e0 Exception <a 'sun/nio/fs/WindowsException'{0x00000000c52e8be0}> (0x00000000c52e8be0) 
thrown [s\src\hotspot\share\prims\jni.cpp, line 516]
Event: 64658.401 Thread 0x0000023099bdc9e0 Exception <a 'sun/nio/fs/WindowsException'{0x00000000c52e9478}> (0x00000000c52e9478) 
thrown [s\src\hotspot\share\prims\jni.cpp, line 516]
Event: 64658.401 Thread 0x0000023099bdc9e0 Exception <a 'sun/nio/fs/WindowsException'{0x00000000c52e98c8}> (0x00000000c52e98c8) 
thrown [s\src\hotspot\share\prims\jni.cpp, line 516]
Event: 64658.401 Thread 0x0000023099bdc9e0 Exception <a 'sun/nio/fs/WindowsException'{0x00000000c52ea8d8}> (0x00000000c52ea8d8) 
thrown [s\src\hotspot\share\prims\jni.cpp, line 516]
Event: 64658.401 Thread 0x0000023099bdc9e0 Exception <a 'sun/nio/fs/WindowsException'{0x00000000c52ead78}> (0x00000000c52ead78) 
thrown [s\src\hotspot\share\prims\jni.cpp, line 516]
Event: 64658.503 Thread 0x0000023099bdc9e0 Exception <a 'sun/nio/fs/WindowsException'{0x00000000c5da6190}> (0x00000000c5da6190) 
thrown [s\src\hotspot\share\prims\jni.cpp, line 516]
Event: 64658.503 Thread 0x0000023099bdc9e0 Exception <a 'sun/nio/fs/WindowsException'{0x00000000c5da69f0}> (0x00000000c5da69f0) 
thrown [s\src\hotspot\share\prims\jni.cpp, line 516]
Event: 64658.503 Thread 0x0000023099bdc9e0 Exception <a 'sun/nio/fs/WindowsException'{0x00000000c5da6e30}> (0x00000000c5da6e30) 
thrown [s\src\hotspot\share\prims\jni.cpp, line 516]
Event: 64658.504 Thread 0x0000023099bdc9e0 Exception <a 'sun/nio/fs/WindowsException'{0x00000000c5dc22e8}> (0x00000000c5dc22e8) 
thrown [s\src\hotspot\share\prims\jni.cpp, line 516]
Event: 64658.504 Thread 0x0000023099bdc9e0 Exception <a 'sun/nio/fs/WindowsException'{0x00000000c5dc2b98}> (0x00000000c5dc2b98) 
thrown [s\src\hotspot\share\prims\jni.cpp, line 516]
Event: 64658.504 Thread 0x0000023099bdc9e0 Exception <a 'sun/nio/fs/WindowsException'{0x00000000c5dc2fe8}> (0x00000000c5dc2fe8) 
thrown [s\src\hotspot\share\prims\jni.cpp, line 516]
Event: 64658.504 Thread 0x0000023099bdc9e0 Exception <a 'sun/nio/fs/WindowsException'{0x00000000c5dc3ff8}> (0x00000000c5dc3ff8) 
thrown [s\src\hotspot\share\prims\jni.cpp, line 516]
Event: 64658.504 Thread 0x0000023099bdc9e0 Exception <a 'sun/nio/fs/WindowsException'{0x00000000c5dc4498}> (0x00000000c5dc4498) 
thrown [s\src\hotspot\share\prims\jni.cpp, line 516]
Event: 78435.876 Thread 0x0000023098f7e640 Exception <a 'java/io/IOException'{0x00000000fff00638}: CreateProcess error=1455, O arquivo de paginação é muito pequeno para que esta operação seja concluída> (0x00000000fff00638) 
thrown [s\src\hotspot\share\prims\jni.cpp, line 535]

VM Operations (20 events):
Event: 78414.810 Executing VM operation: G1CollectFull done
Event: 78425.697 Executing VM operation: G1CollectFull
Event: 78425.848 Executing VM operation: G1CollectFull done
Event: 78435.921 Executing VM operation: Cleanup
Event: 78435.922 Executing VM operation: Cleanup done
Event: 78446.262 Executing VM operation: G1CollectFull
Event: 78446.368 Executing VM operation: G1CollectFull done
Event: 78456.524 Executing VM operation: G1CollectFull
Event: 78456.571 Executing VM operation: G1CollectFull done
Event: 78466.758 Executing VM operation: G1CollectFull
Event: 78466.798 Executing VM operation: G1CollectFull done
Event: 78477.466 Executing VM operation: G1CollectFull
Event: 78477.580 Executing VM operation: G1CollectFull done
Event: 78488.258 Executing VM operation: G1CollectFull
Event: 78488.381 Executing VM operation: G1CollectFull done
Event: 78498.826 Executing VM operation: G1CollectFull
Event: 78498.901 Executing VM operation: G1CollectFull done
Event: 78514.801 Executing VM operation: G1CollectFull
Event: 78530.708 Executing VM operation: G1CollectFull done
Event: 78540.984 Executing VM operation: G1CollectFull

Events (20 events):
Event: 64719.809 Thread 0x000002309a8e51e0 Thread exited: 0x000002309a8e51e0
Event: 64719.809 Thread 0x000002309a8e1f40 Thread exited: 0x000002309a8e1f40
Event: 65042.766 Thread 0x000002309a8e3890 Thread added: 0x000002309a8e3890
Event: 65042.769 Thread 0x000002309a8e1010 Thread added: 0x000002309a8e1010
Event: 65045.309 Thread 0x000002309a8e56f0 Thread added: 0x000002309a8e56f0
Event: 65105.326 Thread 0x000002309a8e1010 Thread exited: 0x000002309a8e1010
Event: 65107.757 Thread 0x000002309a8e56f0 Thread exited: 0x000002309a8e56f0
Event: 65107.757 Thread 0x000002309a8e3890 Thread exited: 0x000002309a8e3890
Event: 78163.561 Thread 0x000002309a8e1a30 Thread added: 0x000002309a8e1a30
Event: 78163.579 Thread 0x000002309a8e7550 Thread added: 0x000002309a8e7550
Event: 78166.062 Thread 0x000002309a8e2960 Thread added: 0x000002309a8e2960
Event: 78166.067 Thread 0x000002309a8e6b30 Thread added: 0x000002309a8e6b30
Event: 78166.113 Thread 0x000002309a8e51e0 Thread added: 0x000002309a8e51e0
Event: 78187.913 Thread 0x000002309a8e1520 Thread added: 0x000002309a8e1520
Event: 78226.125 Thread 0x000002309a8e6b30 Thread exited: 0x000002309a8e6b30
Event: 78245.264 Thread 0x000002309a8e1a30 Thread exited: 0x000002309a8e1a30
Event: 78247.124 Thread 0x000002309a8e7550 Thread exited: 0x000002309a8e7550
Event: 78247.929 Thread 0x000002309a8e1520 Thread exited: 0x000002309a8e1520
Event: 78248.117 Thread 0x000002309a8e51e0 Thread exited: 0x000002309a8e51e0
Event: 78251.022 Thread 0x000002309a8e2960 Thread exited: 0x000002309a8e2960


Dynamic libraries:
0x00007ff783010000 - 0x00007ff78301e000 	c:\Users\guilh\.vscode\extensions\redhat.java-1.34.0-win32-x64\jre\17.0.12-win32-x86_64\bin\java.exe
0x00007ffaf6a50000 - 0x00007ffaf6c67000 	C:\WINDOWS\SYSTEM32\ntdll.dll
0x00007ffaf5750000 - 0x00007ffaf5814000 	C:\WINDOWS\System32\KERNEL32.DLL
0x00007ffaf4120000 - 0x00007ffaf44cd000 	C:\WINDOWS\System32\KERNELBASE.dll
0x0000000067f70000 - 0x00000000682a2000 	C:\Program Files\Norton Security\NortonData\22.23.5.106\Definitions\IPSDefs\20240328.064\IPSEng64.dll
0x00007ffaf4b40000 - 0x00007ffaf4bf2000 	C:\WINDOWS\System32\ADVAPI32.dll
0x00007ffaf6950000 - 0x00007ffaf69f7000 	C:\WINDOWS\System32\msvcrt.dll
0x00007ffaf6890000 - 0x00007ffaf6939000 	C:\WINDOWS\System32\sechost.dll
0x00007ffaf44d0000 - 0x00007ffaf44f8000 	C:\WINDOWS\System32\bcrypt.dll
0x00007ffaf50b0000 - 0x00007ffaf51c4000 	C:\WINDOWS\System32\RPCRT4.dll
0x00007ffaf6940000 - 0x00007ffaf6948000 	C:\WINDOWS\System32\PSAPI.DLL
0x00007ffaf3d70000 - 0x00007ffaf3e81000 	C:\WINDOWS\System32\ucrtbase.dll
0x00007ffad4450000 - 0x00007ffad4467000 	c:\Users\guilh\.vscode\extensions\redhat.java-1.34.0-win32-x64\jre\17.0.12-win32-x86_64\bin\jli.dll
0x00007ffaf47d0000 - 0x00007ffaf497e000 	C:\WINDOWS\System32\USER32.dll
0x00007ffaf3f50000 - 0x00007ffaf3f76000 	C:\WINDOWS\System32\win32u.dll
0x00007ffaf4f50000 - 0x00007ffaf4f79000 	C:\WINDOWS\System32\GDI32.dll
0x00007ffaf3f80000 - 0x00007ffaf4099000 	C:\WINDOWS\System32\gdi32full.dll
0x00007ffaf46e0000 - 0x00007ffaf477a000 	C:\WINDOWS\System32\msvcp_win.dll
0x00007ffad0750000 - 0x00007ffad076b000 	c:\Users\guilh\.vscode\extensions\redhat.java-1.34.0-win32-x64\jre\17.0.12-win32-x86_64\bin\VCRUNTIME140.dll
0x00007ffadbf60000 - 0x00007ffadc1f3000 	C:\WINDOWS\WinSxS\amd64_microsoft.windows.common-controls_6595b64144ccf1df_6.0.22621.3672_none_2713b9d173822955\COMCTL32.dll
0x00007ffaf63e0000 - 0x00007ffaf6411000 	C:\WINDOWS\System32\IMM32.DLL
0x00007ffae4be0000 - 0x00007ffae4bec000 	c:\Users\guilh\.vscode\extensions\redhat.java-1.34.0-win32-x64\jre\17.0.12-win32-x86_64\bin\vcruntime140_1.dll
0x00007ffaa3f50000 - 0x00007ffaa3fdd000 	c:\Users\guilh\.vscode\extensions\redhat.java-1.34.0-win32-x64\jre\17.0.12-win32-x86_64\bin\msvcp140.dll
0x00007ffa57130000 - 0x00007ffa57d9a000 	c:\Users\guilh\.vscode\extensions\redhat.java-1.34.0-win32-x64\jre\17.0.12-win32-x86_64\bin\server\jvm.dll
0x00007ffaf51d0000 - 0x00007ffaf5241000 	C:\WINDOWS\System32\WS2_32.dll
0x00007ffaf2c40000 - 0x00007ffaf2c8d000 	C:\WINDOWS\SYSTEM32\POWRPROF.dll
0x00007ffaecde0000 - 0x00007ffaece14000 	C:\WINDOWS\SYSTEM32\WINMM.dll
0x00007ffaeb7f0000 - 0x00007ffaeb7fa000 	C:\WINDOWS\SYSTEM32\VERSION.dll
0x00007ffaf2c00000 - 0x00007ffaf2c13000 	C:\WINDOWS\SYSTEM32\UMPDC.dll
0x00007ffaf2eb0000 - 0x00007ffaf2ec8000 	C:\WINDOWS\SYSTEM32\kernel.appcore.dll
0x00007ffae0ab0000 - 0x00007ffae0aba000 	c:\Users\guilh\.vscode\extensions\redhat.java-1.34.0-win32-x64\jre\17.0.12-win32-x86_64\bin\jimage.dll
0x00007ffaf1630000 - 0x00007ffaf1862000 	C:\WINDOWS\SYSTEM32\DBGHELP.DLL
0x00007ffaf6500000 - 0x00007ffaf688e000 	C:\WINDOWS\System32\combase.dll
0x00007ffaf6420000 - 0x00007ffaf64f7000 	C:\WINDOWS\System32\OLEAUT32.dll
0x00007ffae1180000 - 0x00007ffae11b2000 	C:\WINDOWS\SYSTEM32\dbgcore.DLL
0x00007ffaf40a0000 - 0x00007ffaf411b000 	C:\WINDOWS\System32\bcryptPrimitives.dll
0x00007ffab0b90000 - 0x00007ffab0bb5000 	c:\Users\guilh\.vscode\extensions\redhat.java-1.34.0-win32-x64\jre\17.0.12-win32-x86_64\bin\java.dll
0x00007ffae09f0000 - 0x00007ffae0a08000 	c:\Users\guilh\.vscode\extensions\redhat.java-1.34.0-win32-x64\jre\17.0.12-win32-x86_64\bin\zip.dll
0x00007ffaf5830000 - 0x00007ffaf6097000 	C:\WINDOWS\System32\SHELL32.dll
0x00007ffaf1cf0000 - 0x00007ffaf25ef000 	C:\WINDOWS\SYSTEM32\windows.storage.dll
0x00007ffaf1bb0000 - 0x00007ffaf1cef000 	C:\WINDOWS\SYSTEM32\wintypes.dll
0x00007ffaf4c00000 - 0x00007ffaf4cf9000 	C:\WINDOWS\System32\SHCORE.dll
0x00007ffaf4d00000 - 0x00007ffaf4d5e000 	C:\WINDOWS\System32\shlwapi.dll
0x00007ffaf3ca0000 - 0x00007ffaf3cc7000 	C:\WINDOWS\SYSTEM32\profapi.dll
0x00007ffacf370000 - 0x00007ffacf389000 	C:\Users\guilh\.vscode\extensions\redhat.java-1.34.0-win32-x64\jre\17.0.12-win32-x86_64\bin\net.dll
0x00007ffaee010000 - 0x00007ffaee146000 	C:\WINDOWS\SYSTEM32\WINHTTP.dll
0x00007ffaf3320000 - 0x00007ffaf3389000 	C:\WINDOWS\system32\mswsock.dll
0x00007fface3c0000 - 0x00007fface3d6000 	C:\Users\guilh\.vscode\extensions\redhat.java-1.34.0-win32-x64\jre\17.0.12-win32-x86_64\bin\nio.dll
0x00007ffad73d0000 - 0x00007ffad73e0000 	c:\Users\guilh\.vscode\extensions\redhat.java-1.34.0-win32-x64\jre\17.0.12-win32-x86_64\bin\verify.dll
0x00007ffaf3580000 - 0x00007ffaf359b000 	C:\WINDOWS\SYSTEM32\CRYPTSP.dll
0x00007ffaf2e10000 - 0x00007ffaf2e45000 	C:\WINDOWS\system32\rsaenh.dll
0x00007ffaf3410000 - 0x00007ffaf3438000 	C:\WINDOWS\SYSTEM32\USERENV.dll
0x00007ffaf3570000 - 0x00007ffaf357c000 	C:\WINDOWS\SYSTEM32\CRYPTBASE.dll
0x00007ffaf2900000 - 0x00007ffaf292d000 	C:\WINDOWS\SYSTEM32\IPHLPAPI.DLL
0x00007ffaf4d60000 - 0x00007ffaf4d69000 	C:\WINDOWS\System32\NSI.dll
0x00007ffaedd20000 - 0x00007ffaedd39000 	C:\WINDOWS\SYSTEM32\dhcpcsvc6.DLL
0x00007ffaedb40000 - 0x00007ffaedb5f000 	C:\WINDOWS\SYSTEM32\dhcpcsvc.DLL
0x00007ffaf2980000 - 0x00007ffaf2a78000 	C:\WINDOWS\SYSTEM32\DNSAPI.dll
0x00007ffade800000 - 0x00007ffade809000 	C:\Users\guilh\.vscode\extensions\redhat.java-1.34.0-win32-x64\jre\17.0.12-win32-x86_64\bin\management.dll
0x00007ffaddea0000 - 0x00007ffaddeab000 	C:\Users\guilh\.vscode\extensions\redhat.java-1.34.0-win32-x64\jre\17.0.12-win32-x86_64\bin\management_ext.dll
0x00007ffad4140000 - 0x00007ffad414e000 	C:\Users\guilh\.vscode\extensions\redhat.java-1.34.0-win32-x64\jre\17.0.12-win32-x86_64\bin\sunmscapi.dll
0x00007ffaf4500000 - 0x00007ffaf4666000 	C:\WINDOWS\System32\CRYPT32.dll
0x00007ffaf3730000 - 0x00007ffaf375e000 	C:\WINDOWS\SYSTEM32\ncrypt.dll
0x00007ffaf36f0000 - 0x00007ffaf3727000 	C:\WINDOWS\SYSTEM32\NTASN1.dll
0x00007ffade7f0000 - 0x00007ffade7f8000 	C:\WINDOWS\system32\wshunix.dll
0x00007ffaecfa0000 - 0x00007ffaecfa9000 	C:\Users\guilh\.vscode\extensions\redhat.java-1.34.0-win32-x64\jre\17.0.12-win32-x86_64\bin\extnet.dll
0x00007ffae4c10000 - 0x00007ffae4c1a000 	C:\Windows\System32\rasadhlp.dll
0x00007ffaeccb0000 - 0x00007ffaecd33000 	C:\WINDOWS\System32\fwpuclnt.dll

dbghelp: loaded successfully - version: 4.0.5 - missing functions: none
symbol engine: initialized successfully - sym options: 0x614 - pdb path: .;c:\Users\guilh\.vscode\extensions\redhat.java-1.34.0-win32-x64\jre\17.0.12-win32-x86_64\bin;C:\WINDOWS\SYSTEM32;C:\Program Files\Norton Security\NortonData\22.23.5.106\Definitions\IPSDefs\20240328.064;C:\WINDOWS\WinSxS\amd64_microsoft.windows.common-controls_6595b64144ccf1df_6.0.22621.3672_none_2713b9d173822955;c:\Users\guilh\.vscode\extensions\redhat.java-1.34.0-win32-x64\jre\17.0.12-win32-x86_64\bin\server

VM Arguments:
jvm_args: -Xmx1024m -Dsts.lsp.client=vscode -Dsts.log.file=/dev/null -XX:TieredStopAtLevel=1 -Xlog:jni+resolve=off 
java_command: c:\Users\guilh\.vscode\extensions\vmware.vscode-spring-boot-1.57.0\language-server\spring-boot-language-server-1.57.0-SNAPSHOT-exec.jar
java_class_path (initial): c:\Users\guilh\.vscode\extensions\vmware.vscode-spring-boot-1.57.0\language-server\spring-boot-language-server-1.57.0-SNAPSHOT-exec.jar
Launcher Type: SUN_STANDARD

[Global flags]
     intx CICompilerCount                          = 4                                         {product} {ergonomic}
     uint ConcGCThreads                            = 2                                         {product} {ergonomic}
     uint G1ConcRefinementThreads                  = 8                                         {product} {ergonomic}
   size_t G1HeapRegionSize                         = 1048576                                   {product} {ergonomic}
    uintx GCDrainStackTargetSize                   = 64                                        {product} {ergonomic}
   size_t InitialHeapSize                          = 132120576                                 {product} {ergonomic}
   size_t MarkStackSize                            = 4194304                                   {product} {ergonomic}
   size_t MaxHeapSize                              = 1073741824                                {product} {command line}
   size_t MaxNewSize                               = 643825664                                 {product} {ergonomic}
   size_t MinHeapDeltaBytes                        = 1048576                                   {product} {ergonomic}
   size_t MinHeapSize                              = 8388608                                   {product} {ergonomic}
    uintx NonProfiledCodeHeapSize                  = 0                                      {pd product} {ergonomic}
     bool ProfileInterpreter                       = false                                  {pd product} {command line}
    uintx ProfiledCodeHeapSize                     = 0                                      {pd product} {ergonomic}
   size_t SoftMaxHeapSize                          = 1073741824                             {manageable} {ergonomic}
     intx TieredStopAtLevel                        = 1                                         {product} {command line}
     bool UseCompressedClassPointers               = true                           {product lp64_product} {ergonomic}
     bool UseCompressedOops                        = true                           {product lp64_product} {ergonomic}
     bool UseG1GC                                  = true                                      {product} {ergonomic}
     bool UseLargePagesIndividualAllocation        = false                                  {pd product} {ergonomic}

Logging:
Log output configuration:
 #0: stdout all=warning,jni+resolve=off uptime,level,tags
 #1: stderr all=off uptime,level,tags

Environment Variables:
JAVA_HOME=C:\Program Files\Java\jdk-22
PATH=C:\Program Files\Eclipse Adoptium\jdk-21.0.2.13-hotspot\bin;C:\Program Files\Common Files\Oracle\Java\javapath;C:\Windows\system32;C:\Windows;C:\Windows\System32\Wbem;C:\Windows\System32\WindowsPowerShell\v1.0\;C:\Windows\System32\OpenSSH\;C:\Program Files (x86)\NVIDIA Corporation\PhysX\Common;C:\Program Files\NVIDIA Corporation\NVIDIA NvDLISR;C:\WINDOWS\system32;C:\WINDOWS;C:\WINDOWS\System32\Wbem;C:\WINDOWS\System32\WindowsPowerShell\v1.0\;C:\WINDOWS\System32\OpenSSH\;C:\Program Files\Java\jdk-22\bin;C:\maven\apache-maven-3.9.7\bin;C:\Program Files\Git\cmd;C:\Program Files\nodejs\;C:\Program Files\MySQL\MySQL Shell 8.0\bin\;C:\Users\guilh\AppData\Local\Microsoft\WindowsApps;C:\Users\guilh\AppData\Local\Programs\Microsoft VS Code\bin;C:\maven\apache-maven-3.9.7\bin;C:\Users\guilh\AppData\Roaming\npm
USERNAME=guilh
OS=Windows_NT
PROCESSOR_IDENTIFIER=Intel64 Family 6 Model 165 Stepping 2, GenuineIntel
TMP=C:\Users\guilh\AppData\Local\Temp
TEMP=C:\Users\guilh\AppData\Local\Temp



Periodic native trim disabled


---------------  S Y S T E M  ---------------

OS:
 Windows 11 , 64 bit Build 22621 (10.0.22621.3958)
OS uptime: 12 days 21:31 hours

CPU: total 8 (initial active 8) (4 cores per cpu, 2 threads per core) family 6 model 165 stepping 2 microcode 0xea, cx8, cmov, fxsr, ht, mmx, 3dnowpref, sse, sse2, sse3, ssse3, sse4.1, sse4.2, popcnt, lzcnt, tsc, tscinvbit, avx, avx2, aes, erms, clmul, bmi1, bmi2, adx, fma, vzeroupper, clflush, clflushopt
Processor Information for all 8 processors :
  Max Mhz: 2496, Current Mhz: 2496, Mhz Limit: 2496

Memory: 4k page, system-wide physical 8023M (1026M free)
TotalPageFile size 32599M (AvailPageFile size 6M)
current process WorkingSet (physical memory assigned to process): 78M, peak: 242M
current process commit charge ("private bytes"): 286M, peak: 302M

vm_info: OpenJDK 64-Bit Server VM (17.0.12+7) for windows-amd64 JRE (17.0.12+7), built on Jul 16 2024 22:08:24 by "admin" with MS VC++ 16.10 / 16.11 (VS2019)

END.
